# JRE version: Java(TM) SE Runtime Environment (8.0_211-b12) (build 1.8.0_211-b12)
# Java VM: Java HotSpot(TM) 64-Bit Server VM (25.211-b12 mixed mode bsd-amd64 compressed oops)
Heap:
 PSYoungGen      total 316928K, used 2674K [0x0000000795580000, 0x00000007a9980000, 0x00000007c0000000)
  eden space 303104K, 0% used [0x0000000795580000,0x000000079581cbd8,0x00000007a7d80000)
  from space 13824K, 0% used [0x00000007a8c00000,0x00000007a8c00000,0x00000007a9980000)
  to   space 14336K, 0% used [0x00000007a7d80000,0x00000007a7d80000,0x00000007a8b80000)
 ParOldGen       total 114688K, used 23685K [0x0000000740000000, 0x0000000747000000, 0x0000000795580000)
  object space 114688K, 20% used [0x0000000740000000,0x0000000741721638,0x0000000747000000)
 Metaspace       used 60308K, capacity 64892K, committed 65024K, reserved 1105920K
  class space    used 7672K, capacity 8581K, committed 8704K, reserved 1048576K
GC Heap History (10 events):
Event: 1877.343 GC heap before
{Heap before GC invocations=26 (full 10):
 PSYoungGen      total 317952K, used 7541K [0x0000000795580000, 0x00000007a9b80000, 0x00000007c0000000)
  eden space 303104K, 0% used [0x0000000795580000,0x0000000795580000,0x00000007a7d80000)
  from space 14848K, 50% used [0x00000007a8d00000,0x00000007a945d570,0x00000007a9b80000)
  to   space 15360K, 0% used [0x00000007a7d80000,0x00000007a7d80000,0x00000007a8c80000)
 ParOldGen       total 114688K, used 23175K [0x0000000740000000, 0x0000000747000000, 0x0000000795580000)
  object space 114688K, 20% used [0x0000000740000000,0x00000007416a1f20,0x0000000747000000)
 Metaspace       used 59515K, capacity 63876K, committed 64128K, reserved 1105920K
  class space    used 7616K, capacity 8455K, committed 8576K, reserved 1048576K
Event: 1877.789 GC heap after
Heap after GC invocations=26 (full 10):
 PSYoungGen      total 317952K, used 0K [0x0000000795580000, 0x00000007a9b80000, 0x00000007c0000000)
  eden space 303104K, 0% used [0x0000000795580000,0x0000000795580000,0x00000007a7d80000)
  from space 14848K, 0% used [0x00000007a8d00000,0x00000007a8d00000,0x00000007a9b80000)
  to   space 15360K, 0% used [0x00000007a7d80000,0x00000007a7d80000,0x00000007a8c80000)
 ParOldGen       total 114688K, used 23016K [0x0000000740000000, 0x0000000747000000, 0x0000000795580000)
  object space 114688K, 20% used [0x0000000740000000,0x000000074167a3a0,0x0000000747000000)
 Metaspace       used 59513K, capacity 63870K, committed 64128K, reserved 1105920K
  class space    used 7616K, capacity 8453K, committed 8576K, reserved 1048576K
}
Event: 1904.185 GC heap before
{Heap before GC invocations=27 (full 10):
 PSYoungGen      total 317952K, used 196756K [0x0000000795580000, 0x00000007a9b80000, 0x00000007c0000000)
  eden space 303104K, 64% used [0x0000000795580000,0x00000007a15a5198,0x00000007a7d80000)
  from space 14848K, 0% used [0x00000007a8d00000,0x00000007a8d00000,0x00000007a9b80000)
  to   space 15360K, 0% used [0x00000007a7d80000,0x00000007a7d80000,0x00000007a8c80000)
 ParOldGen       total 114688K, used 23016K [0x0000000740000000, 0x0000000747000000, 0x0000000795580000)
  object space 114688K, 20% used [0x0000000740000000,0x000000074167a3a0,0x0000000747000000)
 Metaspace       used 60003K, capacity 64564K, committed 64640K, reserved 1105920K
  class space    used 7653K, capacity 8531K, committed 8576K, reserved 1048576K
Event: 1904.213 GC heap after
Heap after GC invocations=27 (full 10):
 PSYoungGen      total 311296K, used 8017K [0x0000000795580000, 0x00000007a9a80000, 0x00000007c0000000)
  eden space 303104K, 0% used [0x0000000795580000,0x0000000795580000,0x00000007a7d80000)
  from space 8192K, 97% used [0x00000007a7d80000,0x00000007a85546d8,0x00000007a8580000)
  to   space 14848K, 0% used [0x00000007a8c00000,0x00000007a8c00000,0x00000007a9a80000)
 ParOldGen       total 114688K, used 23024K [0x0000000740000000, 0x0000000747000000, 0x0000000795580000)
  object space 114688K, 20% used [0x0000000740000000,0x000000074167c3a0,0x0000000747000000)
 Metaspace       used 60003K, capacity 64564K, committed 64640K, reserved 1105920K
  class space    used 7653K, capacity 8531K, committed 8576K, reserved 1048576K
}
Event: 1904.213 GC heap before
{Heap before GC invocations=28 (full 11):
 PSYoungGen      total 311296K, used 8017K [0x0000000795580000, 0x00000007a9a80000, 0x00000007c0000000)
  eden space 303104K, 0% used [0x0000000795580000,0x0000000795580000,0x00000007a7d80000)
  from space 8192K, 97% used [0x00000007a7d80000,0x00000007a85546d8,0x00000007a8580000)
  to   space 14848K, 0% used [0x00000007a8c00000,0x00000007a8c00000,0x00000007a9a80000)
 ParOldGen       total 114688K, used 23024K [0x0000000740000000, 0x0000000747000000, 0x0000000795580000)
  object space 114688K, 20% used [0x0000000740000000,0x000000074167c3a0,0x0000000747000000)
 Metaspace       used 60003K, capacity 64564K, committed 64640K, reserved 1105920K
  class space    used 7653K, capacity 8531K, committed 8576K, reserved 1048576K
Event: 1904.499 GC heap after
Heap after GC invocations=28 (full 11):
 PSYoungGen      total 311296K, used 0K [0x0000000795580000, 0x00000007a9a80000, 0x00000007c0000000)
  eden space 303104K, 0% used [0x0000000795580000,0x0000000795580000,0x00000007a7d80000)
  from space 8192K, 0% used [0x00000007a7d80000,0x00000007a7d80000,0x00000007a8580000)
  to   space 14848K, 0% used [0x00000007a8c00000,0x00000007a8c00000,0x00000007a9a80000)
 ParOldGen       total 114688K, used 23597K [0x0000000740000000, 0x0000000747000000, 0x0000000795580000)
  object space 114688K, 20% used [0x0000000740000000,0x000000074170b698,0x0000000747000000)
 Metaspace       used 60001K, capacity 64558K, committed 64640K, reserved 1105920K
  class space    used 7653K, capacity 8529K, committed 8576K, reserved 1048576K
}
Event: 1976.818 GC heap before
{Heap before GC invocations=29 (full 11):
 PSYoungGen      total 311296K, used 204722K [0x0000000795580000, 0x00000007a9a80000, 0x00000007c0000000)
  eden space 303104K, 67% used [0x0000000795580000,0x00000007a1d6c920,0x00000007a7d80000)
  from space 8192K, 0% used [0x00000007a7d80000,0x00000007a7d80000,0x00000007a8580000)
  to   space 14848K, 0% used [0x00000007a8c00000,0x00000007a8c00000,0x00000007a9a80000)
 ParOldGen       total 114688K, used 23597K [0x0000000740000000, 0x0000000747000000, 0x0000000795580000)
  object space 114688K, 20% used [0x0000000740000000,0x000000074170b698,0x0000000747000000)
 Metaspace       used 60306K, capacity 64892K, committed 65024K, reserved 1105920K
  class space    used 7672K, capacity 8581K, committed 8704K, reserved 1048576K
Event: 1976.829 GC heap after
Heap after GC invocations=29 (full 11):
 PSYoungGen      total 316928K, used 7901K [0x0000000795580000, 0x00000007a9980000, 0x00000007c0000000)
  eden space 303104K, 0% used [0x0000000795580000,0x0000000795580000,0x00000007a7d80000)
  from space 13824K, 57% used [0x00000007a8c00000,0x00000007a93b7600,0x00000007a9980000)
  to   space 14336K, 0% used [0x00000007a7d80000,0x00000007a7d80000,0x00000007a8b80000)
 ParOldGen       total 114688K, used 23605K [0x0000000740000000, 0x0000000747000000, 0x0000000795580000)
  object space 114688K, 20% used [0x0000000740000000,0x000000074170d698,0x0000000747000000)
 Metaspace       used 60306K, capacity 64892K, committed 65024K, reserved 1105920K
  class space    used 7672K, capacity 8581K, committed 8704K, reserved 1048576K
}
Event: 1976.829 GC heap before
{Heap before GC invocations=30 (full 12):
 PSYoungGen      total 316928K, used 7901K [0x0000000795580000, 0x00000007a9980000, 0x00000007c0000000)
  eden space 303104K, 0% used [0x0000000795580000,0x0000000795580000,0x00000007a7d80000)
  from space 13824K, 57% used [0x00000007a8c00000,0x00000007a93b7600,0x00000007a9980000)
  to   space 14336K, 0% used [0x00000007a7d80000,0x00000007a7d80000,0x00000007a8b80000)
 ParOldGen       total 114688K, used 23605K [0x0000000740000000, 0x0000000747000000, 0x0000000795580000)
  object space 114688K, 20% used [0x0000000740000000,0x000000074170d698,0x0000000747000000)
 Metaspace       used 60306K, capacity 64892K, committed 65024K, reserved 1105920K
  class space    used 7672K, capacity 8581K, committed 8704K, reserved 1048576K
Event: 1977.065 GC heap after
Heap after GC invocations=30 (full 12):
 PSYoungGen      total 316928K, used 0K [0x0000000795580000, 0x00000007a9980000, 0x00000007c0000000)
  eden space 303104K, 0% used [0x0000000795580000,0x0000000795580000,0x00000007a7d80000)
  from space 13824K, 0% used [0x00000007a8c00000,0x00000007a8c00000,0x00000007a9980000)
  to   space 14336K, 0% used [0x00000007a7d80000,0x00000007a7d80000,0x00000007a8b80000)
 ParOldGen       total 114688K, used 23685K [0x0000000740000000, 0x0000000747000000, 0x0000000795580000)
  object space 114688K, 20% used [0x0000000740000000,0x0000000741721638,0x0000000747000000)
 Metaspace       used 60304K, capacity 64886K, committed 65024K, reserved 1105920K
  class space    used 7671K, capacity 8579K, committed 8704K, reserved 1048576K
}

